c:\users\windows10\onedrive - stu.xidian.edu.cn\projects\visualstudio\x64\debug\vc142.pdb
c:\users\windows10\onedrive - stu.xidian.edu.cn\projects\visualstudio\x64\debug\vc142.idb
c:\users\windows10\onedrive - stu.xidian.edu.cn\projects\visualstudio\x64\debug\source.obj
c:\users\windows10\onedrive - stu.xidian.edu.cn\projects\visualstudio\x64\debug\visualstudio.exe
c:\users\windows10\onedrive - stu.xidian.edu.cn\projects\visualstudio\x64\debug\visualstudio.ilk
c:\users\windows10\onedrive - stu.xidian.edu.cn\projects\visualstudio\x64\debug\visualstudio.pdb
c:\users\windows 10\onedrive - stu.xidian.edu.cn\projects\visualstudio\x64\debug\relation.obj
c:\users\windows 10\onedrive - stu.xidian.edu.cn\projects\visualstudio\x64\debug\source.obj
c:\users\windows 10\onedrive - stu.xidian.edu.cn\projects\visualstudio\x64\debug\源.obj
c:\users\windows 10\onedrive - stu.xidian.edu.cn\projects\visualstudio\x64\debug\输入检查求 a 上关系.obj
c:\users\windows 10\onedrive - stu.xidian.edu.cn\projects\visualstudio\x64\debug\source.obj.enc
c:\users\windows 10\onedrive - stu.xidian.edu.cn\projects\visualstudio\x64\debug\visualstudio.ilk
c:\users\windows 10\onedrive - stu.xidian.edu.cn\projects\visualstudio\x64\debug\vc142.idb
c:\users\windows 10\onedrive - stu.xidian.edu.cn\projects\visualstudio\x64\debug\vc142.pdb
c:\users\windows 10\onedrive - stu.xidian.edu.cn\projects\visualstudio\x64\debug\visualstudio.pdb
c:\users\windows 10\onedrive - stu.xidian.edu.cn\projects\visualstudio\x64\debug\visualstudio.tlog\cl.command.1.tlog
c:\users\windows 10\onedrive - stu.xidian.edu.cn\projects\visualstudio\x64\debug\visualstudio.tlog\cl.read.1.tlog
c:\users\windows 10\onedrive - stu.xidian.edu.cn\projects\visualstudio\x64\debug\visualstudio.tlog\cl.write.1.tlog
c:\users\windows 10\onedrive - stu.xidian.edu.cn\projects\visualstudio\x64\debug\visualstudio.tlog\link.command.1.tlog
c:\users\windows 10\onedrive - stu.xidian.edu.cn\projects\visualstudio\x64\debug\visualstudio.tlog\link.read.1.tlog
c:\users\windows 10\onedrive - stu.xidian.edu.cn\projects\visualstudio\x64\debug\visualstudio.tlog\link.write.1.tlog
